<?xml version="1.0" encoding="UTF-8"?>
<testng-results ignored="0" total="1" passed="1" failed="0" skipped="0">
  <reporter-output>
  </reporter-output>
  <suite started-at="2023-06-19T13:35:57 IST" name="Default suite" finished-at="2023-06-19T13:36:23 IST" duration-ms="26063">
    <groups>
    </groups>
    <test started-at="2023-06-19T13:35:57 IST" name="Default test" finished-at="2023-06-19T13:36:23 IST" duration-ms="26063">
      <class name="com.test.TestExecution">
        <test-method signature="test()[pri:0, instance:com.test.TestExecution@77888435]" started-at="2023-06-19T13:35:57 IST" name="test" finished-at="2023-06-19T13:36:23 IST" duration-ms="25977" status="PASS">
          <reporter-output>
          </reporter-output>
        </test-method> <!-- test -->
      </class> <!-- com.test.TestExecution -->
    </test> <!-- Default test -->
  </suite> <!-- Default suite -->
</testng-results>
